  [1m[35m (1146.7ms)[0m  [1m[35mCREATE DATABASE "TodoList_development" ENCODING = 'unicode'[0m
  ↳ bin/rails:9
  [1m[35m (380.3ms)[0m  [1m[35mCREATE DATABASE "TodoList_test" ENCODING = 'unicode'[0m
  ↳ bin/rails:9
  [1m[35m (14.3ms)[0m  [1m[35mCREATE TABLE "schema_migrations" ("version" character varying NOT NULL PRIMARY KEY)[0m
  ↳ bin/rails:9
  [1m[35m (51.8ms)[0m  [1m[35mCREATE TABLE "ar_internal_metadata" ("key" character varying NOT NULL PRIMARY KEY, "value" character varying, "created_at" timestamp NOT NULL, "updated_at" timestamp NOT NULL)[0m
  ↳ bin/rails:9
  [1m[35m (0.5ms)[0m  [1m[34mSELECT pg_try_advisory_lock(2824567156674037005)[0m
  ↳ bin/rails:9
  [1m[35m (1.3ms)[0m  [1m[34mSELECT "schema_migrations"."version" FROM "schema_migrations" ORDER BY "schema_migrations"."version" ASC[0m
  ↳ bin/rails:9
Migrating to CreateTodos (20210308185540)
  [1m[35m (46.2ms)[0m  [1m[35mBEGIN[0m
  ↳ bin/rails:9
  [1m[35m (113.4ms)[0m  [1m[35mCREATE TABLE "todos" ("id" bigserial primary key, "title" character varying NOT NULL, "body" character varying NOT NULL, "done" boolean NOT NULL, "created_at" timestamp NOT NULL, "updated_at" timestamp NOT NULL)[0m
  ↳ db/migrate/20210308185540_create_todos.rb:3
  [1m[36mActiveRecord::SchemaMigration Create (55.6ms)[0m  [1m[32mINSERT INTO "schema_migrations" ("version") VALUES ($1) RETURNING "version"[0m  [["version", "20210308185540"]]
  ↳ bin/rails:9
  [1m[35m (0.6ms)[0m  [1m[35mCOMMIT[0m
  ↳ bin/rails:9
  [1m[36mActiveRecord::InternalMetadata Load (0.8ms)[0m  [1m[34mSELECT  "ar_internal_metadata".* FROM "ar_internal_metadata" WHERE "ar_internal_metadata"."key" = $1 LIMIT $2[0m  [["key", "environment"], ["LIMIT", 1]]
  ↳ bin/rails:9
  [1m[35m (2.2ms)[0m  [1m[35mBEGIN[0m
  ↳ bin/rails:9
  [1m[36mActiveRecord::InternalMetadata Create (1.7ms)[0m  [1m[32mINSERT INTO "ar_internal_metadata" ("key", "value", "created_at", "updated_at") VALUES ($1, $2, $3, $4) RETURNING "key"[0m  [["key", "environment"], ["value", "development"], ["created_at", "2021-03-08 18:58:19.169631"], ["updated_at", "2021-03-08 18:58:19.169631"]]
  ↳ bin/rails:9
  [1m[35m (0.4ms)[0m  [1m[35mCOMMIT[0m
  ↳ bin/rails:9
  [1m[35m (1.7ms)[0m  [1m[34mSELECT pg_advisory_unlock(2824567156674037005)[0m
  ↳ bin/rails:9
  [1m[35m (1.7ms)[0m  [1m[34mSELECT "schema_migrations"."version" FROM "schema_migrations" ORDER BY "schema_migrations"."version" ASC[0m
  ↳ bin/rails:9
  [1m[35m (0.9ms)[0m  [1m[34mSELECT "schema_migrations"."version" FROM "schema_migrations" ORDER BY "schema_migrations"."version" ASC[0m
  ↳ /Users/johncigale/.rbenv/versions/2.5.1/bin/annotate:23
  [1m[36mTodo Load (4.5ms)[0m  [1m[34mSELECT "todos".* FROM "todos"[0m
  [1m[36mTodo Load (1.1ms)[0m  [1m[34mSELECT "todos".* FROM "todos"[0m
  [1m[35m (0.2ms)[0m  [1m[35mBEGIN[0m
  [1m[36mTodo Create (9.8ms)[0m  [1m[32mINSERT INTO "todos" ("title", "body", "done", "created_at", "updated_at") VALUES ($1, $2, $3, $4, $5) RETURNING "id"[0m  [["title", "tie your shoes"], ["body", "with your hands"], ["done", false], ["created_at", "2021-03-08 19:03:20.852984"], ["updated_at", "2021-03-08 19:03:20.852984"]]
  [1m[35m (84.3ms)[0m  [1m[35mCOMMIT[0m
  [1m[36mTodo Load (80.3ms)[0m  [1m[34mSELECT "todos".* FROM "todos"[0m
  [1m[35m (4.2ms)[0m  [1m[35mBEGIN[0m
  [1m[36mTodo Create (0.5ms)[0m  [1m[32mINSERT INTO "todos" ("title", "body", "done", "created_at", "updated_at") VALUES ($1, $2, $3, $4, $5) RETURNING "id"[0m  [["title", "clean your shoes"], ["body", "with soap"], ["done", false], ["created_at", "2021-03-08 19:04:07.389728"], ["updated_at", "2021-03-08 19:04:07.389728"]]
  [1m[35m (40.8ms)[0m  [1m[35mCOMMIT[0m
  [1m[35m (9.6ms)[0m  [1m[35mBEGIN[0m
  [1m[36mTodo Create (39.0ms)[0m  [1m[32mINSERT INTO "todos" ("title", "body", "done", "created_at", "updated_at") VALUES ($1, $2, $3, $4, $5) RETURNING "id"[0m  [["title", "make dinner"], ["body", "with ingredients"], ["done", false], ["created_at", "2021-03-08 19:04:37.683382"], ["updated_at", "2021-03-08 19:04:37.683382"]]
  [1m[35m (4.1ms)[0m  [1m[35mCOMMIT[0m
  [1m[36mTodo Load (19.2ms)[0m  [1m[34mSELECT "todos".* FROM "todos"[0m
Started GET "/" for ::1 at 2021-03-08 14:33:24 -0500
  [1m[35m (36.9ms)[0m  [1m[34mSELECT "schema_migrations"."version" FROM "schema_migrations" ORDER BY "schema_migrations"."version" ASC[0m
  ↳ /Users/johncigale/.rbenv/versions/2.5.1/lib/ruby/gems/2.5.0/gems/activerecord-5.2.4.5/lib/active_record/log_subscriber.rb:98
Processing by StaticPagesController#root as HTML
Started GET "/" for ::1 at 2021-03-08 14:34:24 -0500
Started GET "/" for ::1 at 2021-03-08 14:34:24 -0500
Started GET "/" for ::1 at 2021-03-08 14:34:24 -0500
Started GET "/" for ::1 at 2021-03-08 14:34:24 -0500
  Rendering static_pages/root.html.erb within layouts/application
  Rendered static_pages/root.html.erb within layouts/application (2.0ms)
Processing by StaticPagesController#root as HTML
Processing by StaticPagesController#root as HTML
Processing by StaticPagesController#root as HTML
Processing by StaticPagesController#root as HTML
  Rendering static_pages/root.html.erb within layouts/application
  Rendered static_pages/root.html.erb within layouts/application (0.3ms)
  Rendering static_pages/root.html.erb within layouts/application
  Rendered static_pages/root.html.erb within layouts/application (1.3ms)
  Rendering static_pages/root.html.erb within layouts/application
  Rendered static_pages/root.html.erb within layouts/application (0.1ms)
  Rendering static_pages/root.html.erb within layouts/application
  Rendered static_pages/root.html.erb within layouts/application (0.1ms)
Completed 200 OK in 94305ms (Views: 34644.3ms | ActiveRecord: 0.0ms)


Completed 200 OK in 34085ms (Views: 8493.0ms | ActiveRecord: 0.0ms)


Completed 200 OK in 29663ms (Views: 8800.2ms | ActiveRecord: 0.0ms)


Completed 200 OK in 31075ms (Views: 29888.6ms | ActiveRecord: 0.0ms)


Completed 200 OK in 9092ms (Views: 5152.3ms | ActiveRecord: 0.0ms)


Started GET "/api/todos" for ::1 at 2021-03-08 14:36:43 -0500

LoadError - Unable to autoload constant Api::TodosController, expected /Users/johncigale/Desktop/aAclasswork/W10D4/TodoList/app/controllers/api/todos_controller.rb to define it:

Started GET "/api/todos" for ::1 at 2021-03-08 14:38:53 -0500

LoadError - Unable to autoload constant Api::TodosController, expected /Users/johncigale/Desktop/aAclasswork/W10D4/TodoList/app/controllers/api/todos_controller.rb to define it:

Started GET "/api/todos" for ::1 at 2021-03-08 14:40:00 -0500

LoadError - Unable to autoload constant Api::TodosController, expected /Users/johncigale/Desktop/aAclasswork/W10D4/TodoList/app/controllers/api/todos_controller.rb to define it:

Started GET "/api/todos" for ::1 at 2021-03-08 14:40:09 -0500

LoadError - Unable to autoload constant Api::TodosController, expected /Users/johncigale/Desktop/aAclasswork/W10D4/TodoList/app/controllers/api/todos_controller.rb to define it:

Started GET "/api/todos" for ::1 at 2021-03-08 14:52:27 -0500

LoadError - Unable to autoload constant Api::TodosController, expected /Users/johncigale/Desktop/aAclasswork/W10D4/TodoList/app/controllers/api/todos_controller.rb to define it:

Started GET "/" for ::1 at 2021-03-08 14:53:47 -0500
Processing by StaticPagesController#root as HTML
  Rendering static_pages/root.html.erb within layouts/application
  Rendered static_pages/root.html.erb within layouts/application (1.8ms)
Completed 200 OK in 482ms (Views: 475.5ms | ActiveRecord: 0.0ms)


Started GET "/api/todos" for ::1 at 2021-03-08 14:54:00 -0500

LoadError - Unable to autoload constant Api::TodosController, expected /Users/johncigale/Desktop/aAclasswork/W10D4/TodoList/app/controllers/api/todos_controller.rb to define it:

Started GET "/" for ::1 at 2021-03-08 14:54:26 -0500
Processing by StaticPagesController#root as HTML
  Rendering static_pages/root.html.erb within layouts/application
  Rendered static_pages/root.html.erb within layouts/application (105.8ms)
Completed 200 OK in 434ms (Views: 434.0ms | ActiveRecord: 0.0ms)


Started GET "/api/todos" for ::1 at 2021-03-08 14:54:36 -0500
Processing by Api::TodosController#index as JSON
  [1m[36mTodo Load (34.1ms)[0m  [1m[34mSELECT "todos".* FROM "todos"[0m
  ↳ app/controllers/api/todos_controller.rb:8
Completed 200 OK in 147ms (Views: 25.1ms | ActiveRecord: 99.8ms)


Started GET "/api/todos" for ::1 at 2021-03-08 14:55:19 -0500
Processing by Api::TodosController#index as JSON
  [1m[36mTodo Load (56.3ms)[0m  [1m[34mSELECT "todos".* FROM "todos"[0m
  ↳ app/controllers/api/todos_controller.rb:8
Completed 200 OK in 65ms (Views: 8.5ms | ActiveRecord: 56.3ms)


Started GET "/" for ::1 at 2021-03-08 15:14:55 -0500
Processing by StaticPagesController#root as HTML
  Rendering static_pages/root.html.erb within layouts/application
  Rendered static_pages/root.html.erb within layouts/application (1.0ms)
Completed 200 OK in 2543ms (Views: 2541.5ms | ActiveRecord: 0.0ms)


Started GET "/" for ::1 at 2021-03-08 15:17:17 -0500
Processing by StaticPagesController#root as HTML
  Rendering static_pages/root.html.erb within layouts/application
  Rendered static_pages/root.html.erb within layouts/application (0.5ms)
Completed 200 OK in 972ms (Views: 971.6ms | ActiveRecord: 0.0ms)


Started GET "/" for ::1 at 2021-03-08 15:23:14 -0500
Processing by StaticPagesController#root as HTML
  Rendering static_pages/root.html.erb within layouts/application
  Rendered static_pages/root.html.erb within layouts/application (0.7ms)
Completed 200 OK in 69ms (Views: 68.2ms | ActiveRecord: 0.0ms)


Started GET "/" for ::1 at 2021-03-08 15:24:08 -0500
Processing by StaticPagesController#root as HTML
  Rendering static_pages/root.html.erb within layouts/application
  Rendered static_pages/root.html.erb within layouts/application (0.7ms)
Completed 200 OK in 1037ms (Views: 1036.5ms | ActiveRecord: 0.0ms)


Started GET "/api/todos" for ::1 at 2021-03-08 15:24:20 -0500
Processing by Api::TodosController#index as JSON
  [1m[36mTodo Load (44.0ms)[0m  [1m[34mSELECT "todos".* FROM "todos"[0m
  ↳ app/controllers/api/todos_controller.rb:8
Completed 200 OK in 48ms (Views: 2.6ms | ActiveRecord: 44.0ms)


Started GET "/api/todos" for ::1 at 2021-03-08 15:25:54 -0500
Processing by Api::TodosController#index as JSON
  [1m[36mTodo Load (0.5ms)[0m  [1m[34mSELECT "todos".* FROM "todos"[0m
  ↳ app/controllers/api/todos_controller.rb:8
Completed 200 OK in 2ms (Views: 1.4ms | ActiveRecord: 0.5ms)


Started GET "/" for ::1 at 2021-03-08 15:26:31 -0500
Processing by StaticPagesController#root as HTML
  Rendering static_pages/root.html.erb within layouts/application
  Rendered static_pages/root.html.erb within layouts/application (0.4ms)
Completed 200 OK in 948ms (Views: 948.1ms | ActiveRecord: 0.0ms)


Started GET "/" for ::1 at 2021-03-08 15:26:37 -0500
Processing by StaticPagesController#root as HTML
  Rendering static_pages/root.html.erb within layouts/application
  Rendered static_pages/root.html.erb within layouts/application (0.7ms)
Completed 200 OK in 83ms (Views: 82.8ms | ActiveRecord: 0.0ms)


Started GET "/" for ::1 at 2021-03-08 15:26:55 -0500
Processing by StaticPagesController#root as HTML
  Rendering static_pages/root.html.erb within layouts/application
  Rendered static_pages/root.html.erb within layouts/application (0.7ms)
Completed 200 OK in 1274ms (Views: 1273.6ms | ActiveRecord: 0.0ms)


Started GET "/api/todos" for ::1 at 2021-03-08 15:27:02 -0500
Processing by Api::TodosController#index as JSON
  [1m[36mTodo Load (50.1ms)[0m  [1m[34mSELECT "todos".* FROM "todos"[0m
  ↳ app/controllers/api/todos_controller.rb:8
Completed 200 OK in 59ms (Views: 8.6ms | ActiveRecord: 50.1ms)


Started GET "/" for ::1 at 2021-03-08 15:41:37 -0500
Processing by StaticPagesController#root as HTML
  Rendering static_pages/root.html.erb within layouts/application
  Rendered static_pages/root.html.erb within layouts/application (1.3ms)
Completed 200 OK in 791ms (Views: 790.8ms | ActiveRecord: 0.0ms)


Started GET "/" for ::1 at 2021-03-08 15:43:36 -0500
Processing by StaticPagesController#root as HTML
  Rendering static_pages/root.html.erb within layouts/application
  Rendered static_pages/root.html.erb within layouts/application (2.2ms)
Completed 200 OK in 1761ms (Views: 1760.4ms | ActiveRecord: 0.0ms)


Started GET "/" for ::1 at 2021-03-08 16:08:05 -0500
Processing by StaticPagesController#root as HTML
  Rendering static_pages/root.html.erb within layouts/application
  Rendered static_pages/root.html.erb within layouts/application (0.3ms)
Completed 200 OK in 1100ms (Views: 1100.0ms | ActiveRecord: 0.0ms)


Started GET "/api/todos" for ::1 at 2021-03-08 16:08:09 -0500
Processing by Api::TodosController#index as JSON
  [1m[36mTodo Load (6.6ms)[0m  [1m[34mSELECT "todos".* FROM "todos"[0m
  ↳ app/controllers/api/todos_controller.rb:8
Completed 200 OK in 17ms (Views: 9.4ms | ActiveRecord: 6.6ms)


Started GET "/" for ::1 at 2021-03-08 16:09:55 -0500
Processing by StaticPagesController#root as HTML
  Rendering static_pages/root.html.erb within layouts/application
  Rendered static_pages/root.html.erb within layouts/application (0.4ms)
Completed 200 OK in 114ms (Views: 110.1ms | ActiveRecord: 0.0ms)


Started GET "/api/todos" for ::1 at 2021-03-08 16:09:58 -0500
Processing by Api::TodosController#index as JSON
  [1m[36mTodo Load (1.5ms)[0m  [1m[34mSELECT "todos".* FROM "todos"[0m
  ↳ app/controllers/api/todos_controller.rb:8
Completed 200 OK in 6ms (Views: 3.1ms | ActiveRecord: 1.5ms)


Started GET "/api/todos" for ::1 at 2021-03-08 16:10:55 -0500
Processing by Api::TodosController#index as JSON
  [1m[36mTodo Load (1.3ms)[0m  [1m[34mSELECT "todos".* FROM "todos"[0m
  ↳ app/controllers/api/todos_controller.rb:8
Completed 200 OK in 4ms (Views: 2.5ms | ActiveRecord: 1.3ms)


Started GET "/api/todos" for ::1 at 2021-03-08 16:11:45 -0500
Processing by Api::TodosController#index as JSON
  [1m[36mTodo Load (1.3ms)[0m  [1m[34mSELECT "todos".* FROM "todos"[0m
  ↳ app/controllers/api/todos_controller.rb:8
Completed 200 OK in 5ms (Views: 3.0ms | ActiveRecord: 1.3ms)


Started GET "/api/todos" for ::1 at 2021-03-08 16:13:19 -0500
Processing by Api::TodosController#index as JSON
  [1m[36mTodo Load (3.4ms)[0m  [1m[34mSELECT "todos".* FROM "todos"[0m
  ↳ app/controllers/api/todos_controller.rb:8
Completed 200 OK in 7ms (Views: 3.5ms | ActiveRecord: 3.4ms)


Started GET "/api/todos" for ::1 at 2021-03-08 16:13:42 -0500
Processing by Api::TodosController#index as JSON
  [1m[36mTodo Load (0.9ms)[0m  [1m[34mSELECT "todos".* FROM "todos"[0m
  ↳ app/controllers/api/todos_controller.rb:8
Completed 200 OK in 4ms (Views: 3.1ms | ActiveRecord: 0.9ms)


Started GET "/" for ::1 at 2021-03-08 16:16:58 -0500
Processing by StaticPagesController#root as HTML
  Rendering static_pages/root.html.erb within layouts/application
  Rendered static_pages/root.html.erb within layouts/application (0.4ms)
Completed 200 OK in 1132ms (Views: 1130.9ms | ActiveRecord: 0.0ms)


Started GET "/api/todos" for ::1 at 2021-03-08 16:17:08 -0500
Processing by Api::TodosController#index as JSON
  [1m[36mTodo Load (2.1ms)[0m  [1m[34mSELECT "todos".* FROM "todos"[0m
  ↳ app/controllers/api/todos_controller.rb:8
Completed 200 OK in 5ms (Views: 2.3ms | ActiveRecord: 2.1ms)


Started GET "/api/todos" for ::1 at 2021-03-08 16:17:14 -0500
Processing by Api::TodosController#index as JSON
  [1m[36mTodo Load (9.2ms)[0m  [1m[34mSELECT "todos".* FROM "todos"[0m
  ↳ app/controllers/api/todos_controller.rb:8
Completed 200 OK in 18ms (Views: 8.9ms | ActiveRecord: 9.2ms)


Started GET "/api/todos" for ::1 at 2021-03-08 16:17:30 -0500
Processing by Api::TodosController#index as JSON
  [1m[36mTodo Load (7.0ms)[0m  [1m[34mSELECT "todos".* FROM "todos"[0m
  ↳ app/controllers/api/todos_controller.rb:8
Completed 200 OK in 49ms (Views: 41.6ms | ActiveRecord: 7.0ms)


Started GET "/" for ::1 at 2021-03-08 16:17:33 -0500
Processing by StaticPagesController#root as HTML
  Rendering static_pages/root.html.erb within layouts/application
  Rendered static_pages/root.html.erb within layouts/application (0.6ms)
Completed 200 OK in 71ms (Views: 70.1ms | ActiveRecord: 0.0ms)


Started GET "/api/todos" for ::1 at 2021-03-08 16:17:36 -0500
Processing by Api::TodosController#index as JSON
  [1m[36mTodo Load (1.3ms)[0m  [1m[34mSELECT "todos".* FROM "todos"[0m
  ↳ app/controllers/api/todos_controller.rb:8
Completed 200 OK in 4ms (Views: 2.1ms | ActiveRecord: 1.3ms)


Started GET "/" for ::1 at 2021-03-08 16:19:30 -0500
Processing by StaticPagesController#root as HTML
  Rendering static_pages/root.html.erb within layouts/application
  Rendered static_pages/root.html.erb within layouts/application (0.8ms)
Completed 200 OK in 1064ms (Views: 1064.1ms | ActiveRecord: 0.0ms)


Started GET "/" for ::1 at 2021-03-08 16:20:32 -0500
Processing by StaticPagesController#root as HTML
  Rendering static_pages/root.html.erb within layouts/application
  Rendered static_pages/root.html.erb within layouts/application (0.5ms)
Completed 200 OK in 67ms (Views: 66.4ms | ActiveRecord: 0.0ms)


Started GET "/" for ::1 at 2021-03-08 16:20:39 -0500
Processing by StaticPagesController#root as HTML
  Rendering static_pages/root.html.erb within layouts/application
  Rendered static_pages/root.html.erb within layouts/application (0.9ms)
Completed 200 OK in 86ms (Views: 85.1ms | ActiveRecord: 0.0ms)


Started GET "/api/todos" for ::1 at 2021-03-08 16:21:30 -0500
Processing by Api::TodosController#index as JSON
  [1m[36mTodo Load (2.7ms)[0m  [1m[34mSELECT "todos".* FROM "todos"[0m
  ↳ app/controllers/api/todos_controller.rb:8
Completed 200 OK in 6ms (Views: 2.5ms | ActiveRecord: 2.7ms)


Started GET "/" for ::1 at 2021-03-08 16:24:51 -0500
Processing by StaticPagesController#root as HTML
  Rendering static_pages/root.html.erb within layouts/application
  Rendered static_pages/root.html.erb within layouts/application (5.2ms)
Completed 200 OK in 2578ms (Views: 2576.7ms | ActiveRecord: 0.0ms)


Started GET "/api/todos" for ::1 at 2021-03-08 16:26:01 -0500
Processing by Api::TodosController#index as JSON
  [1m[36mTodo Load (20.2ms)[0m  [1m[34mSELECT "todos".* FROM "todos"[0m
  ↳ app/controllers/api/todos_controller.rb:8
Completed 200 OK in 23ms (Views: 2.8ms | ActiveRecord: 20.2ms)


Started GET "/" for ::1 at 2021-03-08 16:28:54 -0500
Processing by StaticPagesController#root as HTML
  Rendering static_pages/root.html.erb within layouts/application
  Rendered static_pages/root.html.erb within layouts/application (0.7ms)
Completed 200 OK in 991ms (Views: 990.5ms | ActiveRecord: 0.0ms)


Started GET "/api/todos" for ::1 at 2021-03-08 16:29:01 -0500
Processing by Api::TodosController#index as JSON
  [1m[36mTodo Load (1.7ms)[0m  [1m[34mSELECT "todos".* FROM "todos"[0m
  ↳ app/controllers/api/todos_controller.rb:8
Completed 200 OK in 8ms (Views: 6.2ms | ActiveRecord: 1.7ms)


Started GET "/" for ::1 at 2021-03-08 16:30:13 -0500
Processing by StaticPagesController#root as HTML
  Rendering static_pages/root.html.erb within layouts/application
  Rendered static_pages/root.html.erb within layouts/application (0.4ms)
Completed 200 OK in 847ms (Views: 846.9ms | ActiveRecord: 0.0ms)


Started GET "/api/todos" for ::1 at 2021-03-08 16:30:25 -0500
Processing by Api::TodosController#index as JSON
  [1m[36mTodo Load (1.1ms)[0m  [1m[34mSELECT "todos".* FROM "todos"[0m
  ↳ app/controllers/api/todos_controller.rb:8
Completed 200 OK in 5ms (Views: 2.6ms | ActiveRecord: 1.1ms)


Started GET "/" for ::1 at 2021-03-08 16:32:31 -0500
Processing by StaticPagesController#root as HTML
  Rendering static_pages/root.html.erb within layouts/application
  Rendered static_pages/root.html.erb within layouts/application (1.0ms)
Completed 200 OK in 80ms (Views: 79.2ms | ActiveRecord: 0.0ms)


Started GET "/api/todos" for ::1 at 2021-03-08 16:32:39 -0500
Processing by Api::TodosController#index as JSON
  [1m[36mTodo Load (1.1ms)[0m  [1m[34mSELECT "todos".* FROM "todos"[0m
  ↳ app/controllers/api/todos_controller.rb:8
Completed 200 OK in 19ms (Views: 17.5ms | ActiveRecord: 1.1ms)


Started GET "/" for ::1 at 2021-03-08 16:35:36 -0500
Processing by StaticPagesController#root as HTML
  Rendering static_pages/root.html.erb within layouts/application
  Rendered static_pages/root.html.erb within layouts/application (0.6ms)
Completed 200 OK in 683ms (Views: 681.3ms | ActiveRecord: 0.0ms)


Started GET "/" for ::1 at 2021-03-08 16:37:08 -0500
Processing by StaticPagesController#root as HTML
  Rendering static_pages/root.html.erb within layouts/application
  Rendered static_pages/root.html.erb within layouts/application (0.4ms)
Completed 200 OK in 751ms (Views: 750.7ms | ActiveRecord: 0.0ms)


Started GET "/api/todos" for ::1 at 2021-03-08 16:37:09 -0500
Processing by Api::TodosController#index as JSON
  [1m[36mTodo Load (9.9ms)[0m  [1m[34mSELECT "todos".* FROM "todos"[0m
  ↳ app/controllers/api/todos_controller.rb:8
Completed 200 OK in 18ms (Views: 8.1ms | ActiveRecord: 9.9ms)


Started GET "/" for ::1 at 2021-03-08 16:37:46 -0500
Processing by StaticPagesController#root as HTML
  Rendering static_pages/root.html.erb within layouts/application
  Rendered static_pages/root.html.erb within layouts/application (1.0ms)
Completed 200 OK in 99ms (Views: 98.9ms | ActiveRecord: 0.0ms)


Started GET "/api/todos" for ::1 at 2021-03-08 16:37:47 -0500
Processing by Api::TodosController#index as JSON
  [1m[36mTodo Load (15.4ms)[0m  [1m[34mSELECT "todos".* FROM "todos"[0m
  ↳ app/controllers/api/todos_controller.rb:8
Completed 200 OK in 19ms (Views: 3.0ms | ActiveRecord: 15.4ms)


Started GET "/" for ::1 at 2021-03-08 17:12:21 -0500
Processing by StaticPagesController#root as HTML
  Rendering static_pages/root.html.erb within layouts/application
  Rendered static_pages/root.html.erb within layouts/application (1.3ms)
Completed 200 OK in 811ms (Views: 810.0ms | ActiveRecord: 0.0ms)


Started GET "/api/todos" for ::1 at 2021-03-08 17:12:23 -0500
Processing by Api::TodosController#index as JSON
  [1m[36mTodo Load (4.3ms)[0m  [1m[34mSELECT "todos".* FROM "todos"[0m
  ↳ app/controllers/api/todos_controller.rb:8
Completed 200 OK in 146ms (Views: 30.4ms | ActiveRecord: 107.4ms)


Started GET "/" for ::1 at 2021-03-08 17:13:29 -0500
Processing by StaticPagesController#root as HTML
  Rendering static_pages/root.html.erb within layouts/application
  Rendered static_pages/root.html.erb within layouts/application (0.5ms)
Completed 200 OK in 135ms (Views: 133.4ms | ActiveRecord: 0.0ms)


Started GET "/api/todos" for ::1 at 2021-03-08 17:13:30 -0500
Processing by Api::TodosController#index as JSON
  [1m[36mTodo Load (7.9ms)[0m  [1m[34mSELECT "todos".* FROM "todos"[0m
  ↳ app/controllers/api/todos_controller.rb:8
Completed 200 OK in 19ms (Views: 10.3ms | ActiveRecord: 7.9ms)


Started GET "/" for ::1 at 2021-03-08 17:18:31 -0500
Processing by StaticPagesController#root as HTML
  Rendering static_pages/root.html.erb within layouts/application
  Rendered static_pages/root.html.erb within layouts/application (0.5ms)
Completed 200 OK in 871ms (Views: 871.1ms | ActiveRecord: 0.0ms)


Started GET "/api/todos" for ::1 at 2021-03-08 17:18:33 -0500
Processing by Api::TodosController#index as JSON
  [1m[36mTodo Load (1.7ms)[0m  [1m[34mSELECT "todos".* FROM "todos"[0m
  ↳ app/controllers/api/todos_controller.rb:8
Completed 200 OK in 15ms (Views: 12.2ms | ActiveRecord: 1.7ms)


Started GET "/" for ::1 at 2021-03-08 17:20:41 -0500
Processing by StaticPagesController#root as HTML
  Rendering static_pages/root.html.erb within layouts/application
  Rendered static_pages/root.html.erb within layouts/application (0.5ms)
Completed 200 OK in 866ms (Views: 865.5ms | ActiveRecord: 0.0ms)


Started GET "/api/todos" for ::1 at 2021-03-08 17:20:43 -0500
Processing by Api::TodosController#index as JSON
  [1m[36mTodo Load (1.6ms)[0m  [1m[34mSELECT "todos".* FROM "todos"[0m
  ↳ app/controllers/api/todos_controller.rb:8
Completed 200 OK in 6ms (Views: 3.8ms | ActiveRecord: 1.6ms)


Started POST "/api/todos" for ::1 at 2021-03-08 17:20:49 -0500
Processing by Api::TodosController#create as JSON
Can't verify CSRF token authenticity.
Completed 422 Unprocessable Entity in 3ms (ActiveRecord: 0.0ms)



ActionController::InvalidAuthenticityToken - ActionController::InvalidAuthenticityToken:

Started GET "/" for ::1 at 2021-03-08 17:22:21 -0500
Processing by StaticPagesController#root as HTML
  Rendering static_pages/root.html.erb within layouts/application
  Rendered static_pages/root.html.erb within layouts/application (0.4ms)
Completed 200 OK in 1554ms (Views: 1553.6ms | ActiveRecord: 0.0ms)


Started GET "/api/todos" for ::1 at 2021-03-08 17:22:23 -0500
Processing by Api::TodosController#index as JSON
  [1m[36mTodo Load (1.2ms)[0m  [1m[34mSELECT "todos".* FROM "todos"[0m
  ↳ app/controllers/api/todos_controller.rb:8
Completed 200 OK in 8ms (Views: 2.2ms | ActiveRecord: 1.2ms)


Started POST "/api/todos" for ::1 at 2021-03-08 17:22:34 -0500
Processing by Api::TodosController#create as JSON
Can't verify CSRF token authenticity.
Completed 422 Unprocessable Entity in 1ms (ActiveRecord: 0.0ms)



ActionController::InvalidAuthenticityToken - ActionController::InvalidAuthenticityToken:

Started POST "/api/todos" for ::1 at 2021-03-08 17:22:36 -0500
Processing by Api::TodosController#create as JSON
Can't verify CSRF token authenticity.
Completed 422 Unprocessable Entity in 1ms (ActiveRecord: 0.0ms)



ActionController::InvalidAuthenticityToken - ActionController::InvalidAuthenticityToken:

Started GET "/" for ::1 at 2021-03-08 17:22:49 -0500
Processing by StaticPagesController#root as HTML
  Rendering static_pages/root.html.erb within layouts/application
  Rendered static_pages/root.html.erb within layouts/application (0.6ms)
Completed 200 OK in 66ms (Views: 65.7ms | ActiveRecord: 0.0ms)


Started GET "/api/todos" for ::1 at 2021-03-08 17:22:50 -0500
Processing by Api::TodosController#index as JSON
  [1m[36mTodo Load (9.0ms)[0m  [1m[34mSELECT "todos".* FROM "todos"[0m
  ↳ app/controllers/api/todos_controller.rb:8
Completed 200 OK in 12ms (Views: 2.7ms | ActiveRecord: 9.0ms)


Started POST "/api/todos" for ::1 at 2021-03-08 17:22:53 -0500
Processing by Api::TodosController#create as JSON
Can't verify CSRF token authenticity.
Completed 422 Unprocessable Entity in 1ms (ActiveRecord: 0.0ms)



ActionController::InvalidAuthenticityToken - ActionController::InvalidAuthenticityToken:

Started GET "/" for ::1 at 2021-03-08 17:26:55 -0500
Processing by StaticPagesController#root as HTML
  Rendering static_pages/root.html.erb within layouts/application
  Rendered static_pages/root.html.erb within layouts/application (0.4ms)
Completed 200 OK in 977ms (Views: 976.6ms | ActiveRecord: 0.0ms)


Started GET "/api/todos" for ::1 at 2021-03-08 17:26:56 -0500
Processing by Api::TodosController#index as JSON
  [1m[36mTodo Load (7.0ms)[0m  [1m[34mSELECT "todos".* FROM "todos"[0m
  ↳ app/controllers/api/todos_controller.rb:8
Completed 200 OK in 10ms (Views: 2.9ms | ActiveRecord: 7.0ms)


Started POST "/api/todos" for ::1 at 2021-03-08 17:27:00 -0500
Processing by Api::TodosController#create as JSON
Can't verify CSRF token authenticity.
Completed 422 Unprocessable Entity in 3ms (ActiveRecord: 0.0ms)



ActionController::InvalidAuthenticityToken - ActionController::InvalidAuthenticityToken:

Started GET "/" for ::1 at 2021-03-08 17:29:56 -0500
Processing by StaticPagesController#root as HTML
  Rendering static_pages/root.html.erb within layouts/application
  Rendered static_pages/root.html.erb within layouts/application (1.2ms)
Completed 200 OK in 57ms (Views: 56.6ms | ActiveRecord: 0.0ms)


Started GET "/api/todos" for ::1 at 2021-03-08 17:29:56 -0500
Processing by Api::TodosController#index as JSON
Completed 500 Internal Server Error in 79ms (ActiveRecord: 35.7ms)



NoMethodError - undefined method `skip_before_action' for #<Class:0x00007fd026fa4418>:
  app/models/todo.rb:15:in `<class:Todo>'
  app/models/todo.rb:12:in `<top (required)>'
  app/controllers/api/todos_controller.rb:8:in `index'

Started GET "/" for ::1 at 2021-03-08 17:31:29 -0500
Processing by StaticPagesController#root as HTML
  Rendering static_pages/root.html.erb within layouts/application
  Rendered static_pages/root.html.erb within layouts/application (0.5ms)
Completed 200 OK in 57ms (Views: 56.7ms | ActiveRecord: 0.0ms)


Started GET "/api/todos" for ::1 at 2021-03-08 17:31:29 -0500
Processing by Api::TodosController#index as JSON
  [1m[36mTodo Load (32.8ms)[0m  [1m[34mSELECT "todos".* FROM "todos"[0m
  ↳ app/controllers/api/todos_controller.rb:10
Completed 200 OK in 76ms (Views: 17.0ms | ActiveRecord: 55.3ms)


Started POST "/api/todos" for ::1 at 2021-03-08 17:31:35 -0500
Processing by Api::TodosController#create as JSON
Can't verify CSRF token authenticity.
Completed 422 Unprocessable Entity in 1ms (ActiveRecord: 0.0ms)



ActionController::InvalidAuthenticityToken - ActionController::InvalidAuthenticityToken:

Started GET "/" for ::1 at 2021-03-08 17:31:56 -0500
Processing by StaticPagesController#root as HTML
  Rendering static_pages/root.html.erb within layouts/application
  Rendered static_pages/root.html.erb within layouts/application (0.9ms)
Completed 200 OK in 64ms (Views: 64.2ms | ActiveRecord: 0.0ms)


Started GET "/api/todos" for ::1 at 2021-03-08 17:31:57 -0500
Processing by Api::TodosController#index as JSON
  [1m[36mTodo Load (41.5ms)[0m  [1m[34mSELECT "todos".* FROM "todos"[0m
  ↳ app/controllers/api/todos_controller.rb:10
Completed 200 OK in 45ms (Views: 3.2ms | ActiveRecord: 41.5ms)


